1 10013c68    // line 104   // miss
1 43d41c      // line 28    // miss
0 43d420      // line 32    // miss
1 43d9d4      // line 468   // miss
1 43d9d8      // line 472   // miss
0 43d9dc      // line 476   // miss
1 43d474      // line 116   // miss
0 10016b4c    // line 844   // miss
0 43d478      // line 120   // miss
1 41e82c      // line 44    // miss
0 100169ac    // line 428   // miss
0 41e830      // line 48    // miss
0 41e834      // line 52    // miss
0 10019d38    // line 312   // miss
0 41e838      // line 56    // miss
0 41e83c      // line 60    // miss
1 10019d44    // line 324   // miss
1 41e840      // line 64    // miss
0 100169ac    // line 428   // hit
1 41e844      // line 68    // miss
0 41e848      // line 72    // miss
0 10019d48    // line 328   // miss
1 41e84c      // line 76    // miss
0 10019d3c    // line 316   // miss
0 41e850      // line 80    // miss
0 41e854      // line 84    // miss
0 41e858      // line 88    // miss
1 41e85c      // line 92    // miss
1 10019d3c    // line 316   // hit
0 41e860      // line 96    // miss
0 100169ac    // line 428   // hit
0 41e864      // line 100   // miss
0 41e868      // line 104   // miss
0 10019d34    // line 308   // miss
1 41e86c      // line 108   // miss
0 10019d3c    // line 316   // hit
1 41e870      // line 112   // miss
0 10019d40    // line 320   // miss
0 41e874      // line 116   // miss
1 41e878      // line 120   // miss
1 41e87c      // line 124   // miss
1 41e880      // line 128   // miss
0 41e884      // line 132   // miss
0 41e8a0      // line 160   // miss
0 100169ac    // line 428   // hit
0 41e8a4      // line 164   // miss
0 41e8a8      // line 168   // miss
1 10019d38    // line 312   // hit
1 41e8ac      // line 172   // miss
0 100169ac    // line 428   // hit
0 41e8b0      // line 176   // miss
0 41e8b4      // line 180   // miss
0 10019d44    // line 324   // hit
1 41e8b8      // line 184   // miss
0 41e8bc      // line 188   // miss
1 10025c50    // line 80    // miss
1 41e8c0      // line 192   // miss
0 10025c50    // line 80    // hit
0 41e8c4      // line 196   // miss
0 7ffd8a50    // line 592   // miss
0 41e8c8      // line 200   // miss
1 41e8cc      // line 204   // miss
0 41e8d0      // line 208   // miss
0 41e8d4      // line 212   // miss
1 41e8d8      // line 216   // miss
1 10025c50    // line 80    // hit
0 41e8dc      // line 220   // miss
0 7ffd8a4c    // line 588   // miss
1 41e8e0      // line 224   // miss
1 41e8e4      // line 228   // miss
0 41e8e8      // line 232   // miss
1 43d3f0      // line 1008  // miss
0 10013c68    // line 104   // miss
0 43d3f4      // line 1012  // miss
1 43d3f8      // line 1016  // miss
1 10025c54    // line 84    // miss
0 43d3fc      // line 1020  // miss
0 7ffd8a68    // line 616   // miss
0 43d400      // line 0     // miss
1 10025c6c    // line 108   // miss
0 43d404      // line 4     // miss
1 10025c68    // line 104   // hit
0 43d408      // line 8     // miss
1 10025c64    // line 100   // miss
1 43d40c      // line 12    // miss
1 10025c60    // line 96    // miss
0 43d410      // line 16    // miss
0 7ffd8a64    // line 612   // miss
0 43d414      // line 20    // miss
1 43d418      // line 24    // miss
1 10013c68    // line 104   // hit
1 43d41c      // line 28    // hit
0 43d420      // line 32    // hit
1 43d9d4      // line 468   // hit
1 43d9d8      // line 472   // hit
0 43d9dc      // line 476   // hit
1 43d474      // line 116   // miss
0 10016b4c    // line 844   // hit
0 43d478      // line 120   // miss

